[2023-10-25 20:00:37,025] {taskinstance.py:896} INFO - Dependencies all met for <TaskInstance: booking_ingestion.transform_data 2023-10-24T20:00:00.625617+00:00 [queued]>
[2023-10-25 20:00:37,729] {taskinstance.py:896} INFO - Dependencies all met for <TaskInstance: booking_ingestion.transform_data 2023-10-24T20:00:00.625617+00:00 [queued]>
[2023-10-25 20:00:37,735] {taskinstance.py:1087} INFO - 
--------------------------------------------------------------------------------
[2023-10-25 20:00:37,739] {taskinstance.py:1088} INFO - Starting attempt 1 of 1
[2023-10-25 20:00:37,759] {taskinstance.py:1089} INFO - 
--------------------------------------------------------------------------------
[2023-10-25 20:00:38,642] {taskinstance.py:1107} INFO - Executing <Task(PythonOperator): transform_data> on 2023-10-24T20:00:00.625617+00:00
[2023-10-25 20:00:38,659] {standard_task_runner.py:52} INFO - Started process 106 to run task
[2023-10-25 20:00:38,690] {standard_task_runner.py:76} INFO - Running: ['airflow', 'tasks', 'run', 'booking_ingestion', 'transform_data', '2023-10-24T20:00:00.625617+00:00', '--job-id', '2', '--pool', 'default_pool', '--raw', '--subdir', 'DAGS_FOLDER/main.py', '--cfg-path', '/tmp/tmppfxzh7fz', '--error-file', '/tmp/tmp34v0e4xg']
[2023-10-25 20:00:38,697] {standard_task_runner.py:77} INFO - Job 2: Subtask transform_data
[2023-10-25 20:00:39,009] {logging_mixin.py:104} INFO - Running <TaskInstance: booking_ingestion.transform_data 2023-10-24T20:00:00.625617+00:00 [running]> on host ccb9baf257e2
[2023-10-25 20:00:39,375] {taskinstance.py:1300} INFO - Exporting the following env vars:
AIRFLOW_CTX_DAG_OWNER=airflow
AIRFLOW_CTX_DAG_ID=booking_ingestion
AIRFLOW_CTX_TASK_ID=transform_data
AIRFLOW_CTX_EXECUTION_DATE=2023-10-24T20:00:00.625617+00:00
AIRFLOW_CTX_DAG_RUN_ID=scheduled__2023-10-24T20:00:00.625617+00:00
[2023-10-25 20:00:39,541] {python.py:151} INFO - Done. Returned value was: None
[2023-10-25 20:00:39,566] {taskinstance.py:1204} INFO - Marking task as SUCCESS. dag_id=booking_ingestion, task_id=transform_data, execution_date=20231024T200000, start_date=20231025T200037, end_date=20231025T200039
[2023-10-25 20:00:40,110] {taskinstance.py:1265} INFO - 1 downstream tasks scheduled from follow-on schedule check
[2023-10-25 20:00:40,161] {local_task_job.py:151} INFO - Task exited with return code 0
