[2023-10-26 00:15:40,099] {taskinstance.py:896} INFO - Dependencies all met for <TaskInstance: booking_ingestion.load_data 2023-10-25T00:15:20.735044+00:00 [queued]>
[2023-10-26 00:15:40,137] {taskinstance.py:896} INFO - Dependencies all met for <TaskInstance: booking_ingestion.load_data 2023-10-25T00:15:20.735044+00:00 [queued]>
[2023-10-26 00:15:40,138] {taskinstance.py:1087} INFO - 
--------------------------------------------------------------------------------
[2023-10-26 00:15:40,140] {taskinstance.py:1088} INFO - Starting attempt 1 of 1
[2023-10-26 00:15:40,142] {taskinstance.py:1089} INFO - 
--------------------------------------------------------------------------------
[2023-10-26 00:15:40,245] {taskinstance.py:1107} INFO - Executing <Task(PythonOperator): load_data> on 2023-10-25T00:15:20.735044+00:00
[2023-10-26 00:15:40,253] {standard_task_runner.py:52} INFO - Started process 39 to run task
[2023-10-26 00:15:40,273] {standard_task_runner.py:76} INFO - Running: ['airflow', 'tasks', 'run', 'booking_ingestion', 'load_data', '2023-10-25T00:15:20.735044+00:00', '--job-id', '4', '--pool', 'default_pool', '--raw', '--subdir', 'DAGS_FOLDER/main.py', '--cfg-path', '/tmp/tmp00w_rl4d', '--error-file', '/tmp/tmpwqu_qhx4']
[2023-10-26 00:15:40,276] {standard_task_runner.py:77} INFO - Job 4: Subtask load_data
[2023-10-26 00:15:40,991] {logging_mixin.py:104} INFO - Running <TaskInstance: booking_ingestion.load_data 2023-10-25T00:15:20.735044+00:00 [running]> on host ccb9baf257e2
[2023-10-26 00:15:41,380] {taskinstance.py:1300} INFO - Exporting the following env vars:
AIRFLOW_CTX_DAG_OWNER=airflow
AIRFLOW_CTX_DAG_ID=booking_ingestion
AIRFLOW_CTX_TASK_ID=load_data
AIRFLOW_CTX_EXECUTION_DATE=2023-10-25T00:15:20.735044+00:00
AIRFLOW_CTX_DAG_RUN_ID=scheduled__2023-10-25T00:15:20.735044+00:00
[2023-10-26 00:15:41,664] {python.py:151} INFO - Done. Returned value was: None
[2023-10-26 00:15:41,689] {taskinstance.py:1204} INFO - Marking task as SUCCESS. dag_id=booking_ingestion, task_id=load_data, execution_date=20231025T001520, start_date=20231026T001540, end_date=20231026T001541
[2023-10-26 00:15:41,953] {taskinstance.py:1265} INFO - 0 downstream tasks scheduled from follow-on schedule check
[2023-10-26 00:15:41,985] {local_task_job.py:151} INFO - Task exited with return code 0
