[2023-10-25 19:44:52,276] {taskinstance.py:896} INFO - Dependencies all met for <TaskInstance: booking_ingestion.transform_data 2023-10-24T19:44:19.812154+00:00 [queued]>
[2023-10-25 19:44:52,321] {taskinstance.py:896} INFO - Dependencies all met for <TaskInstance: booking_ingestion.transform_data 2023-10-24T19:44:19.812154+00:00 [queued]>
[2023-10-25 19:44:52,322] {taskinstance.py:1087} INFO - 
--------------------------------------------------------------------------------
[2023-10-25 19:44:52,323] {taskinstance.py:1088} INFO - Starting attempt 1 of 1
[2023-10-25 19:44:52,325] {taskinstance.py:1089} INFO - 
--------------------------------------------------------------------------------
[2023-10-25 19:44:52,419] {taskinstance.py:1107} INFO - Executing <Task(PythonOperator): transform_data> on 2023-10-24T19:44:19.812154+00:00
[2023-10-25 19:44:52,426] {standard_task_runner.py:52} INFO - Started process 36 to run task
[2023-10-25 19:44:52,435] {standard_task_runner.py:76} INFO - Running: ['airflow', 'tasks', 'run', 'booking_ingestion', 'transform_data', '2023-10-24T19:44:19.812154+00:00', '--job-id', '2', '--pool', 'default_pool', '--raw', '--subdir', 'DAGS_FOLDER/main.py', '--cfg-path', '/tmp/tmpgluh_1k0', '--error-file', '/tmp/tmp41wz63eb']
[2023-10-25 19:44:52,438] {standard_task_runner.py:77} INFO - Job 2: Subtask transform_data
[2023-10-25 19:44:54,226] {logging_mixin.py:104} INFO - Running <TaskInstance: booking_ingestion.transform_data 2023-10-24T19:44:19.812154+00:00 [running]> on host ccb9baf257e2
[2023-10-25 19:44:55,778] {taskinstance.py:1300} INFO - Exporting the following env vars:
AIRFLOW_CTX_DAG_OWNER=airflow
AIRFLOW_CTX_DAG_ID=booking_ingestion
AIRFLOW_CTX_TASK_ID=transform_data
AIRFLOW_CTX_EXECUTION_DATE=2023-10-24T19:44:19.812154+00:00
AIRFLOW_CTX_DAG_RUN_ID=scheduled__2023-10-24T19:44:19.812154+00:00
[2023-10-25 19:44:56,276] {python.py:151} INFO - Done. Returned value was: None
[2023-10-25 19:44:56,392] {taskinstance.py:1204} INFO - Marking task as SUCCESS. dag_id=booking_ingestion, task_id=transform_data, execution_date=20231024T194419, start_date=20231025T194452, end_date=20231025T194456
[2023-10-25 19:44:57,993] {local_task_job.py:198} WARNING - State of this instance has been externally set to success. Terminating instance.
[2023-10-25 19:44:58,007] {process_utils.py:100} INFO - Sending Signals.SIGTERM to GPID 36
[2023-10-25 19:44:58,138] {taskinstance.py:1284} ERROR - Received SIGTERM. Terminating subprocesses.
[2023-10-25 19:44:58,210] {process_utils.py:66} INFO - Process psutil.Process(pid=36, status='terminated', exitcode=1, started='19:44:52') (36) terminated with exit code 1
