[2023-10-26 00:15:32,244] {taskinstance.py:896} INFO - Dependencies all met for <TaskInstance: booking_ingestion.transform_data 2023-10-25T00:15:20.735044+00:00 [queued]>
[2023-10-26 00:15:32,278] {taskinstance.py:896} INFO - Dependencies all met for <TaskInstance: booking_ingestion.transform_data 2023-10-25T00:15:20.735044+00:00 [queued]>
[2023-10-26 00:15:32,280] {taskinstance.py:1087} INFO - 
--------------------------------------------------------------------------------
[2023-10-26 00:15:32,281] {taskinstance.py:1088} INFO - Starting attempt 1 of 1
[2023-10-26 00:15:32,283] {taskinstance.py:1089} INFO - 
--------------------------------------------------------------------------------
[2023-10-26 00:15:32,425] {taskinstance.py:1107} INFO - Executing <Task(PythonOperator): transform_data> on 2023-10-25T00:15:20.735044+00:00
[2023-10-26 00:15:32,432] {standard_task_runner.py:52} INFO - Started process 35 to run task
[2023-10-26 00:15:32,451] {standard_task_runner.py:76} INFO - Running: ['airflow', 'tasks', 'run', 'booking_ingestion', 'transform_data', '2023-10-25T00:15:20.735044+00:00', '--job-id', '3', '--pool', 'default_pool', '--raw', '--subdir', 'DAGS_FOLDER/main.py', '--cfg-path', '/tmp/tmpv84ipyvv', '--error-file', '/tmp/tmpt0xaeiqo']
[2023-10-26 00:15:32,454] {standard_task_runner.py:77} INFO - Job 3: Subtask transform_data
[2023-10-26 00:15:32,586] {logging_mixin.py:104} INFO - Running <TaskInstance: booking_ingestion.transform_data 2023-10-25T00:15:20.735044+00:00 [running]> on host ccb9baf257e2
[2023-10-26 00:15:32,776] {taskinstance.py:1300} INFO - Exporting the following env vars:
AIRFLOW_CTX_DAG_OWNER=airflow
AIRFLOW_CTX_DAG_ID=booking_ingestion
AIRFLOW_CTX_TASK_ID=transform_data
AIRFLOW_CTX_EXECUTION_DATE=2023-10-25T00:15:20.735044+00:00
AIRFLOW_CTX_DAG_RUN_ID=scheduled__2023-10-25T00:15:20.735044+00:00
[2023-10-26 00:15:32,928] {python.py:151} INFO - Done. Returned value was: None
[2023-10-26 00:15:32,956] {taskinstance.py:1204} INFO - Marking task as SUCCESS. dag_id=booking_ingestion, task_id=transform_data, execution_date=20231025T001520, start_date=20231026T001532, end_date=20231026T001532
[2023-10-26 00:15:33,149] {taskinstance.py:1265} INFO - 1 downstream tasks scheduled from follow-on schedule check
[2023-10-26 00:15:33,191] {local_task_job.py:151} INFO - Task exited with return code 0
